START SOLVING | Test=mfjs06 | LB=614 | Timeout=999999

--- STEP 1 ---
Target Limit: 635
Stats | Số biến = 12708 | Số mệnh đề = 166107
Time left before solve: 999998.88s
Result (is_sat): True
Conflicts in step: 2315
Propagations in step: 2237901
Found Real Makespan: 635
Pushing New Limit to: 634

--- STEP 2 ---
Target Limit: 634
Stats | Số biến = 12708 | Số mệnh đề = 166130
Time left before solve: 999998.68s
Result (is_sat): True
Conflicts in step: 2047
Propagations in step: 2507092
Found Real Makespan: 634
Pushing New Limit to: 633

--- STEP 3 ---
Target Limit: 633
Stats | Số biến = 12708 | Số mệnh đề = 166153
Time left before solve: 999998.48s
Result (is_sat): False
Conflicts in step: 0
Propagations in step: 0
UNSAT at current limit. Final status: OPTIMAL

FINAL STATUS: OPTIMAL
TOTAL ELAPSED TIME: 0.53s
