START SOLVING | Test=mk05 | LB=168 | Timeout=4798.488309144974

--- STEP 1 ---
Target Limit: 186
Time left before solve: 4798.11s
Result (is_sat): True
Conflicts in step: 1777551
Propagations in step: 1637862376
Found Real Makespan: 186
Pushing New Limit to: 185

--- STEP 2 ---
Target Limit: 185
Time left before solve: 4589.17s
Result (is_sat): True
Conflicts in step: 654839
Propagations in step: 559036075
Found Real Makespan: 185
Pushing New Limit to: 184

--- STEP 3 ---
Target Limit: 184
Time left before solve: 4514.34s
Result (is_sat): True
Conflicts in step: 629617
Propagations in step: 526891704
Found Real Makespan: 184
Pushing New Limit to: 183

--- STEP 4 ---
Target Limit: 183
Time left before solve: 4440.16s
Result (is_sat): True
Conflicts in step: 1670227
Propagations in step: 1413026375
Found Real Makespan: 183
Pushing New Limit to: 182

--- STEP 5 ---
Target Limit: 182
Time left before solve: 4211.07s
Result (is_sat): True
Conflicts in step: 6884804
Propagations in step: 5743270963
Found Real Makespan: 182
Pushing New Limit to: 181

--- STEP 6 ---
Target Limit: 181
Time left before solve: 3176.68s
Result (is_sat): True
Conflicts in step: 5210850
Propagations in step: 4255269055
Found Real Makespan: 181
Pushing New Limit to: 180

--- STEP 7 ---
Target Limit: 180
Time left before solve: 2304.24s
Result (is_sat): True
Conflicts in step: 1
Propagations in step: 45097
Found Real Makespan: 180
Pushing New Limit to: 179

--- STEP 8 ---
Target Limit: 179
Time left before solve: 2304.13s
Result (is_sat): None
Conflicts in step: 12015540
Propagations in step: 9868443716
INTERRUPTED BY TIMER OR TIMEOUT EXCEEDED.

FINAL STATUS: TIME_OUT
TOTAL ELAPSED TIME: 4799.52s
