START SOLVING | Test=mk05 | LB=168 | Timeout=4798.186222314835

--- STEP 1 ---
Target Limit: 186
Time left before solve: 4797.81s
Result (is_sat): True
Conflicts in step: 2090552
Propagations in step: 1938391847
Found Real Makespan: 186
Pushing New Limit to: 185

--- STEP 2 ---
Target Limit: 185
Time left before solve: 4612.63s
Result (is_sat): True
Conflicts in step: 377321
Propagations in step: 324214769
Found Real Makespan: 185
Pushing New Limit to: 184

--- STEP 3 ---
Target Limit: 184
Time left before solve: 4575.78s
Result (is_sat): True
Conflicts in step: 187022
Propagations in step: 160393496
Found Real Makespan: 184
Pushing New Limit to: 183

--- STEP 4 ---
Target Limit: 183
Time left before solve: 4557.09s
Result (is_sat): True
Conflicts in step: 64498
Propagations in step: 53885159
Found Real Makespan: 183
Pushing New Limit to: 182

--- STEP 5 ---
Target Limit: 182
Time left before solve: 4550.43s
Result (is_sat): True
Conflicts in step: 55
Propagations in step: 85553
Found Real Makespan: 182
Pushing New Limit to: 181

--- STEP 6 ---
Target Limit: 181
Time left before solve: 4550.35s
Result (is_sat): True
Conflicts in step: 15052073
Propagations in step: 12253607112
Found Real Makespan: 181
Pushing New Limit to: 180

--- STEP 7 ---
Target Limit: 180
Time left before solve: 2704.19s
Result (is_sat): None
Conflicts in step: 15660218
Propagations in step: 13587515947
INTERRUPTED BY TIMER OR TIMEOUT EXCEEDED.

FINAL STATUS: TIME_OUT
TOTAL ELAPSED TIME: 4798.51s
