START SOLVING | Test=setb4cc | LB=857 | Timeout=4792.936124563217

--- STEP 1 ---
Target Limit: 909
Time left before solve: 4791.22s
Result (is_sat): True
Conflicts in step: 398844
Propagations in step: 1857088227
Found Real Makespan: 909
Pushing New Limit to: 908

--- STEP 2 ---
Target Limit: 908
Time left before solve: 4627.97s
Result (is_sat): True
Conflicts in step: 19698
Propagations in step: 142039326
Found Real Makespan: 908
Pushing New Limit to: 907

--- STEP 3 ---
Target Limit: 907
Time left before solve: 4612.53s
Result (is_sat): True
Conflicts in step: 242
Propagations in step: 1437288
Found Real Makespan: 907
Pushing New Limit to: 906

--- STEP 4 ---
Target Limit: 906
Time left before solve: 4612.13s
Result (is_sat): False
Conflicts in step: 7912
Propagations in step: 62842583
UNSAT at current limit. Final status: OPTIMAL

FINAL STATUS: OPTIMAL
TOTAL ELAPSED TIME: 187.99s
