START SOLVING | Test=mfjs03 | LB=396 | Timeout=999999

--- STEP 1 ---
Target Limit: 466
Stats | Số biến = 4992 | Số mệnh đề = 52973
Time left before solve: 999998.96s
Result (is_sat): True
Conflicts in step: 723
Propagations in step: 300616
Found Real Makespan: 466
Pushing New Limit to: 465

--- STEP 2 ---
Target Limit: 465
Stats | Số biến = 4992 | Số mệnh đề = 52989
Time left before solve: 999998.93s
Result (is_sat): False
Conflicts in step: 627
Propagations in step: 309849
UNSAT at current limit. Final status: OPTIMAL

FINAL STATUS: OPTIMAL
TOTAL ELAPSED TIME: 0.09s
