START SOLVING | Test=mk07 | LB=133 | Timeout=4796.492466926575

--- STEP 1 ---
Target Limit: 157
Time left before solve: 4795.71s
Result (is_sat): True
Conflicts in step: 5635061
Propagations in step: 5275065818
Found Real Makespan: 157
Pushing New Limit to: 156

--- STEP 2 ---
Target Limit: 156
Time left before solve: 3912.82s
Result (is_sat): True
Conflicts in step: 2446647
Propagations in step: 2273420525
Found Real Makespan: 156
Pushing New Limit to: 155

--- STEP 3 ---
Target Limit: 155
Time left before solve: 3457.54s
Result (is_sat): True
Conflicts in step: 23007
Propagations in step: 21559682
Found Real Makespan: 155
Pushing New Limit to: 154

--- STEP 4 ---
Target Limit: 154
Time left before solve: 3452.92s
Result (is_sat): True
Conflicts in step: 7099037
Propagations in step: 6517681688
Found Real Makespan: 154
Pushing New Limit to: 153

--- STEP 5 ---
Target Limit: 153
Time left before solve: 1967.78s
Result (is_sat): True
Conflicts in step: 2795787
Propagations in step: 2508604617
Found Real Makespan: 153
Pushing New Limit to: 152

--- STEP 6 ---
Target Limit: 152
Time left before solve: 1366.02s
Result (is_sat): None
Conflicts in step: 6056091
Propagations in step: 5365601404
INTERRUPTED BY TIMER OR TIMEOUT EXCEEDED.

FINAL STATUS: TIME_OUT
TOTAL ELAPSED TIME: 4796.77s
