START SOLVING | Test=mk02 | LB=24 | Timeout=4799.819717645645

--- STEP 1 ---
Target Limit: 32
Time left before solve: 4799.78s
Result (is_sat): True
Conflicts in step: 13831
Propagations in step: 1851096
Found Real Makespan: 32
Pushing New Limit to: 31

--- STEP 2 ---
Target Limit: 31
Time left before solve: 4799.57s
Result (is_sat): True
Conflicts in step: 404
Propagations in step: 84003
Found Real Makespan: 31
Pushing New Limit to: 30

--- STEP 3 ---
Target Limit: 30
Time left before solve: 4799.55s
Result (is_sat): True
Conflicts in step: 22202
Propagations in step: 2845356
Found Real Makespan: 30
Pushing New Limit to: 29

--- STEP 4 ---
Target Limit: 29
Time left before solve: 4799.20s
Result (is_sat): True
Conflicts in step: 38969
Propagations in step: 5160960
Found Real Makespan: 29
Pushing New Limit to: 28

--- STEP 5 ---
Target Limit: 28
Time left before solve: 4798.45s
Result (is_sat): True
Conflicts in step: 74796
Propagations in step: 11168712
Found Real Makespan: 28
Pushing New Limit to: 27

--- STEP 6 ---
Target Limit: 27
Time left before solve: 4796.60s
Result (is_sat): True
Conflicts in step: 218051
Propagations in step: 36017488
Found Real Makespan: 27
Pushing New Limit to: 26

--- STEP 7 ---
Target Limit: 26
Time left before solve: 4788.91s
Result (is_sat): True
Conflicts in step: 688481
Propagations in step: 128062747
Found Real Makespan: 26
Pushing New Limit to: 25

--- STEP 8 ---
Target Limit: 25
Time left before solve: 4748.67s
Result (is_sat): False
Conflicts in step: 9452065
Propagations in step: 1759760256
UNSAT at current limit. Final status: OPTIMAL

FINAL STATUS: OPTIMAL
TOTAL ELAPSED TIME: 1553.47s
