START SOLVING | Test=mfjs01 | LB=403 | Timeout=999999

--- STEP 1 ---
Target Limit: 468
Stats | Số biến = 4478 | Số mệnh đề = 33662
Time left before solve: 999998.97s
Result (is_sat): True
Conflicts in step: 617
Propagations in step: 360026
Found Real Makespan: 468
Pushing New Limit to: 467

--- STEP 2 ---
Target Limit: 467
Stats | Số biến = 4478 | Số mệnh đề = 33673
Time left before solve: 999998.94s
Result (is_sat): False
Conflicts in step: 11
Propagations in step: 9234
UNSAT at current limit. Final status: OPTIMAL

FINAL STATUS: OPTIMAL
TOTAL ELAPSED TIME: 0.07s
