START SOLVING | Test=mk09 | LB=299 | Timeout=4783.458044052124

--- STEP 1 ---
Target Limit: 369
Time left before solve: 4779.44s
Result (is_sat): True
Conflicts in step: 317196
Propagations in step: 1026942329
Found Real Makespan: 369
Pushing New Limit to: 368

--- STEP 2 ---
Target Limit: 368
Time left before solve: 4688.99s
Result (is_sat): True
Conflicts in step: 76241
Propagations in step: 290965534
Found Real Makespan: 368
Pushing New Limit to: 367

--- STEP 3 ---
Target Limit: 367
Time left before solve: 4661.69s
Result (is_sat): True
Conflicts in step: 161713
Propagations in step: 622932222
Found Real Makespan: 367
Pushing New Limit to: 366

--- STEP 4 ---
Target Limit: 366
Time left before solve: 4601.65s
Result (is_sat): True
Conflicts in step: 235
Propagations in step: 1535426
Found Real Makespan: 366
Pushing New Limit to: 365

--- STEP 5 ---
Target Limit: 365
Time left before solve: 4600.90s
Result (is_sat): True
Conflicts in step: 4
Propagations in step: 260030
Found Real Makespan: 365
Pushing New Limit to: 364

--- STEP 6 ---
Target Limit: 364
Time left before solve: 4600.35s
Result (is_sat): True
Conflicts in step: 3
Propagations in step: 348759
Found Real Makespan: 364
Pushing New Limit to: 363

--- STEP 7 ---
Target Limit: 363
Time left before solve: 4599.81s
Result (is_sat): True
Conflicts in step: 7712
Propagations in step: 29519610
Found Real Makespan: 363
Pushing New Limit to: 362

--- STEP 8 ---
Target Limit: 362
Time left before solve: 4596.33s
Result (is_sat): True
Conflicts in step: 36250
Propagations in step: 146056813
Found Real Makespan: 362
Pushing New Limit to: 361

--- STEP 9 ---
Target Limit: 361
Time left before solve: 4581.14s
Result (is_sat): True
Conflicts in step: 1284
Propagations in step: 7735458
Found Real Makespan: 361
Pushing New Limit to: 360

--- STEP 10 ---
Target Limit: 360
Time left before solve: 4579.79s
Result (is_sat): True
Conflicts in step: 1
Propagations in step: 187703
Found Real Makespan: 360
Pushing New Limit to: 359

--- STEP 11 ---
Target Limit: 359
Time left before solve: 4579.27s
Result (is_sat): True
Conflicts in step: 45570
Propagations in step: 171567596
Found Real Makespan: 359
Pushing New Limit to: 358

--- STEP 12 ---
Target Limit: 358
Time left before solve: 4561.24s
Result (is_sat): True
Conflicts in step: 1
Propagations in step: 186719
Found Real Makespan: 358
Pushing New Limit to: 357

--- STEP 13 ---
Target Limit: 357
Time left before solve: 4560.74s
Result (is_sat): True
Conflicts in step: 74702
Propagations in step: 274800551
Found Real Makespan: 357
Pushing New Limit to: 356

--- STEP 14 ---
Target Limit: 356
Time left before solve: 4532.82s
Result (is_sat): True
Conflicts in step: 40528
Propagations in step: 147369221
Found Real Makespan: 356
Pushing New Limit to: 355

--- STEP 15 ---
Target Limit: 355
Time left before solve: 4517.54s
Result (is_sat): True
Conflicts in step: 34097
Propagations in step: 125996880
Found Real Makespan: 355
Pushing New Limit to: 354

--- STEP 16 ---
Target Limit: 354
Time left before solve: 4504.21s
Result (is_sat): True
Conflicts in step: 106195
Propagations in step: 406773357
Found Real Makespan: 354
Pushing New Limit to: 353

--- STEP 17 ---
Target Limit: 353
Time left before solve: 4461.18s
Result (is_sat): True
Conflicts in step: 78346
Propagations in step: 278024696
Found Real Makespan: 353
Pushing New Limit to: 352

--- STEP 18 ---
Target Limit: 352
Time left before solve: 4430.56s
Result (is_sat): True
Conflicts in step: 6350
Propagations in step: 22647343
Found Real Makespan: 352
Pushing New Limit to: 351

--- STEP 19 ---
Target Limit: 351
Time left before solve: 4427.66s
Result (is_sat): True
Conflicts in step: 83898
Propagations in step: 287855179
Found Real Makespan: 351
Pushing New Limit to: 350

--- STEP 20 ---
Target Limit: 350
Time left before solve: 4396.35s
Result (is_sat): True
Conflicts in step: 27495
Propagations in step: 101899551
Found Real Makespan: 350
Pushing New Limit to: 349

--- STEP 21 ---
Target Limit: 349
Time left before solve: 4384.79s
Result (is_sat): True
Conflicts in step: 32226
Propagations in step: 119811368
Found Real Makespan: 349
Pushing New Limit to: 348

--- STEP 22 ---
Target Limit: 348
Time left before solve: 4371.38s
Result (is_sat): True
Conflicts in step: 9
Propagations in step: 216212
Found Real Makespan: 348
Pushing New Limit to: 347

--- STEP 23 ---
Target Limit: 347
Time left before solve: 4370.83s
Result (is_sat): True
Conflicts in step: 28738
Propagations in step: 98878291
Found Real Makespan: 347
Pushing New Limit to: 346

--- STEP 24 ---
Target Limit: 346
Time left before solve: 4359.67s
Result (is_sat): True
Conflicts in step: 136798
Propagations in step: 461064947
Found Real Makespan: 346
Pushing New Limit to: 345

--- STEP 25 ---
Target Limit: 345
Time left before solve: 4307.12s
Result (is_sat): True
Conflicts in step: 9269
Propagations in step: 37083559
Found Real Makespan: 345
Pushing New Limit to: 344

--- STEP 26 ---
Target Limit: 344
Time left before solve: 4302.57s
Result (is_sat): True
Conflicts in step: 39711
Propagations in step: 129215139
Found Real Makespan: 344
Pushing New Limit to: 343

--- STEP 27 ---
Target Limit: 343
Time left before solve: 4288.49s
Result (is_sat): True
Conflicts in step: 270640
Propagations in step: 938395657
Found Real Makespan: 343
Pushing New Limit to: 342

--- STEP 28 ---
Target Limit: 342
Time left before solve: 4183.70s
Result (is_sat): True
Conflicts in step: 48999
Propagations in step: 180715810
Found Real Makespan: 342
Pushing New Limit to: 341

--- STEP 29 ---
Target Limit: 341
Time left before solve: 4162.54s
Result (is_sat): True
Conflicts in step: 25229
Propagations in step: 84383337
Found Real Makespan: 341
Pushing New Limit to: 340

--- STEP 30 ---
Target Limit: 340
Time left before solve: 4152.77s
Result (is_sat): True
Conflicts in step: 41119
Propagations in step: 138364659
Found Real Makespan: 340
Pushing New Limit to: 339

--- STEP 31 ---
Target Limit: 339
Time left before solve: 4136.36s
Result (is_sat): True
Conflicts in step: 168484
Propagations in step: 571330458
Found Real Makespan: 339
Pushing New Limit to: 338

--- STEP 32 ---
Target Limit: 338
Time left before solve: 4071.23s
Result (is_sat): True
Conflicts in step: 48663
Propagations in step: 166183380
Found Real Makespan: 338
Pushing New Limit to: 337

--- STEP 33 ---
Target Limit: 337
Time left before solve: 4052.34s
Result (is_sat): True
Conflicts in step: 37928
Propagations in step: 121088973
Found Real Makespan: 337
Pushing New Limit to: 336

--- STEP 34 ---
Target Limit: 336
Time left before solve: 4037.90s
Result (is_sat): True
Conflicts in step: 56768
Propagations in step: 180818141
Found Real Makespan: 336
Pushing New Limit to: 335

--- STEP 35 ---
Target Limit: 335
Time left before solve: 4016.17s
Result (is_sat): True
Conflicts in step: 1
Propagations in step: 176360
Found Real Makespan: 335
Pushing New Limit to: 334

--- STEP 36 ---
Target Limit: 334
Time left before solve: 4015.55s
Result (is_sat): True
Conflicts in step: 541953
Propagations in step: 1758539255
Found Real Makespan: 334
Pushing New Limit to: 333

--- STEP 37 ---
Target Limit: 333
Time left before solve: 3809.28s
Result (is_sat): True
Conflicts in step: 670765
Propagations in step: 2266597039
Found Real Makespan: 333
Pushing New Limit to: 332

--- STEP 38 ---
Target Limit: 332
Time left before solve: 3534.36s
Result (is_sat): True
Conflicts in step: 4746
Propagations in step: 18667514
Found Real Makespan: 332
Pushing New Limit to: 331

--- STEP 39 ---
Target Limit: 331
Time left before solve: 3531.38s
Result (is_sat): True
Conflicts in step: 164732
Propagations in step: 547963143
Found Real Makespan: 331
Pushing New Limit to: 330

--- STEP 40 ---
Target Limit: 330
Time left before solve: 3462.95s
Result (is_sat): True
Conflicts in step: 37113
Propagations in step: 115120660
Found Real Makespan: 330
Pushing New Limit to: 329

--- STEP 41 ---
Target Limit: 329
Time left before solve: 3447.75s
Result (is_sat): True
Conflicts in step: 166128
Propagations in step: 558399087
Found Real Makespan: 329
Pushing New Limit to: 328

--- STEP 42 ---
Target Limit: 328
Time left before solve: 3376.91s
Result (is_sat): True
Conflicts in step: 691621
Propagations in step: 2255910302
Found Real Makespan: 328
Pushing New Limit to: 327

--- STEP 43 ---
Target Limit: 327
Time left before solve: 3088.99s
Result (is_sat): True
Conflicts in step: 140425
Propagations in step: 473887802
Found Real Makespan: 327
Pushing New Limit to: 326

--- STEP 44 ---
Target Limit: 326
Time left before solve: 3027.30s
Result (is_sat): True
Conflicts in step: 502787
Propagations in step: 1606110730
Found Real Makespan: 326
Pushing New Limit to: 325

--- STEP 45 ---
Target Limit: 325
Time left before solve: 2815.83s
Result (is_sat): True
Conflicts in step: 26118
Propagations in step: 69848006
Found Real Makespan: 325
Pushing New Limit to: 324

--- STEP 46 ---
Target Limit: 324
Time left before solve: 2805.71s
Result (is_sat): True
Conflicts in step: 108037
Propagations in step: 307854923
Found Real Makespan: 324
Pushing New Limit to: 323

--- STEP 47 ---
Target Limit: 323
Time left before solve: 2764.48s
Result (is_sat): True
Conflicts in step: 387802
Propagations in step: 1100982728
Found Real Makespan: 323
Pushing New Limit to: 322

--- STEP 48 ---
Target Limit: 322
Time left before solve: 2614.69s
Result (is_sat): True
Conflicts in step: 62068
Propagations in step: 170077551
Found Real Makespan: 322
Pushing New Limit to: 321

--- STEP 49 ---
Target Limit: 321
Time left before solve: 2591.79s
Result (is_sat): True
Conflicts in step: 395311
Propagations in step: 1118669091
Found Real Makespan: 321
Pushing New Limit to: 320

--- STEP 50 ---
Target Limit: 320
Time left before solve: 2439.20s
Result (is_sat): True
Conflicts in step: 163561
Propagations in step: 440056821
Found Real Makespan: 320
Pushing New Limit to: 319

--- STEP 51 ---
Target Limit: 319
Time left before solve: 2378.26s
Result (is_sat): True
Conflicts in step: 668291
Propagations in step: 1811513926
Found Real Makespan: 319
Pushing New Limit to: 318

--- STEP 52 ---
Target Limit: 318
Time left before solve: 2127.86s
Result (is_sat): True
Conflicts in step: 192725
Propagations in step: 524015588
Found Real Makespan: 318
Pushing New Limit to: 317

--- STEP 53 ---
Target Limit: 317
Time left before solve: 2053.33s
Result (is_sat): True
Conflicts in step: 39079
Propagations in step: 116116977
Found Real Makespan: 317
Pushing New Limit to: 316

--- STEP 54 ---
Target Limit: 316
Time left before solve: 2036.21s
Result (is_sat): True
Conflicts in step: 58429
Propagations in step: 147914205
Found Real Makespan: 316
Pushing New Limit to: 315

--- STEP 55 ---
Target Limit: 315
Time left before solve: 2014.70s
Result (is_sat): True
Conflicts in step: 2523118
Propagations in step: 7002681704
Found Real Makespan: 315
Pushing New Limit to: 314

--- STEP 56 ---
Target Limit: 314
Time left before solve: 993.96s
Result (is_sat): True
Conflicts in step: 220538
Propagations in step: 601287364
Found Real Makespan: 314
Pushing New Limit to: 313

--- STEP 57 ---
Target Limit: 313
Time left before solve: 903.19s
Result (is_sat): True
Conflicts in step: 331333
Propagations in step: 917668215
Found Real Makespan: 313
Pushing New Limit to: 312

--- STEP 58 ---
Target Limit: 312
Time left before solve: 762.64s
Result (is_sat): True
Conflicts in step: 352991
Propagations in step: 997583644
Found Real Makespan: 312
Pushing New Limit to: 311

--- STEP 59 ---
Target Limit: 311
Time left before solve: 608.10s
Result (is_sat): True
Conflicts in step: 272552
Propagations in step: 762397940
Found Real Makespan: 311
Pushing New Limit to: 310

--- STEP 60 ---
Target Limit: 310
Time left before solve: 489.51s
Result (is_sat): True
Conflicts in step: 183952
Propagations in step: 517494582
Found Real Makespan: 310
Pushing New Limit to: 309

--- STEP 61 ---
Target Limit: 309
Time left before solve: 407.82s
Result (is_sat): None
Conflicts in step: 960349
Propagations in step: 2572748552
INTERRUPTED BY TIMER OR TIMEOUT EXCEEDED.

FINAL STATUS: TIME_OUT
TOTAL ELAPSED TIME: 4783.96s
