START SOLVING | Test=mk07 | LB=133 | Timeout=4797.298092365265

--- STEP 1 ---
Target Limit: 157
Time left before solve: 4796.68s
Result (is_sat): True
Conflicts in step: 8907459
Propagations in step: 8075673135
Found Real Makespan: 157
Pushing New Limit to: 156

--- STEP 2 ---
Target Limit: 156
Time left before solve: 3660.62s
Result (is_sat): True
Conflicts in step: 14646827
Propagations in step: 13191492055
Found Real Makespan: 156
Pushing New Limit to: 155

--- STEP 3 ---
Target Limit: 155
Time left before solve: 1214.27s
Result (is_sat): None
Conflicts in step: 5911153
Propagations in step: 5590428409
INTERRUPTED BY TIMER OR TIMEOUT EXCEEDED.

FINAL STATUS: TIME_OUT
TOTAL ELAPSED TIME: 4797.48s
