START SOLVING | Test=mk10 | LB=165 | Timeout=4790.791399002075

--- STEP 1 ---
Target Limit: 296
Time left before solve: 4788.12s
Result (is_sat): True
Conflicts in step: 565572
Propagations in step: 2535630056
Found Real Makespan: 296
Pushing New Limit to: 295

--- STEP 2 ---
Target Limit: 295
Time left before solve: 4604.55s
Result (is_sat): True
Conflicts in step: 244183
Propagations in step: 1167148438
Found Real Makespan: 295
Pushing New Limit to: 294

--- STEP 3 ---
Target Limit: 294
Time left before solve: 4509.98s
Result (is_sat): True
Conflicts in step: 28858
Propagations in step: 135910890
Found Real Makespan: 294
Pushing New Limit to: 293

--- STEP 4 ---
Target Limit: 293
Time left before solve: 4498.48s
Result (is_sat): True
Conflicts in step: 12368
Propagations in step: 57425661
Found Real Makespan: 293
Pushing New Limit to: 292

--- STEP 5 ---
Target Limit: 292
Time left before solve: 4493.38s
Result (is_sat): True
Conflicts in step: 52651
Propagations in step: 252132016
Found Real Makespan: 292
Pushing New Limit to: 291

--- STEP 6 ---
Target Limit: 291
Time left before solve: 4471.69s
Result (is_sat): True
Conflicts in step: 0
Propagations in step: 166468
Found Real Makespan: 291
Pushing New Limit to: 290

--- STEP 7 ---
Target Limit: 290
Time left before solve: 4471.37s
Result (is_sat): True
Conflicts in step: 0
Propagations in step: 166202
Found Real Makespan: 290
Pushing New Limit to: 289

--- STEP 8 ---
Target Limit: 289
Time left before solve: 4471.05s
Result (is_sat): True
Conflicts in step: 73
Propagations in step: 494280
Found Real Makespan: 289
Pushing New Limit to: 288

--- STEP 9 ---
Target Limit: 288
Time left before solve: 4470.69s
Result (is_sat): True
Conflicts in step: 54504
Propagations in step: 255902823
Found Real Makespan: 288
Pushing New Limit to: 287

--- STEP 10 ---
Target Limit: 287
Time left before solve: 4448.69s
Result (is_sat): True
Conflicts in step: 122
Propagations in step: 909461
Found Real Makespan: 287
Pushing New Limit to: 286

--- STEP 11 ---
Target Limit: 286
Time left before solve: 4448.29s
Result (is_sat): True
Conflicts in step: 110047
Propagations in step: 506571066
Found Real Makespan: 286
Pushing New Limit to: 285

--- STEP 12 ---
Target Limit: 285
Time left before solve: 4404.83s
Result (is_sat): True
Conflicts in step: 9923
Propagations in step: 48478953
Found Real Makespan: 285
Pushing New Limit to: 284

--- STEP 13 ---
Target Limit: 284
Time left before solve: 4400.28s
Result (is_sat): True
Conflicts in step: 0
Propagations in step: 163843
Found Real Makespan: 284
Pushing New Limit to: 283

--- STEP 14 ---
Target Limit: 283
Time left before solve: 4399.92s
Result (is_sat): True
Conflicts in step: 175528
Propagations in step: 818392584
Found Real Makespan: 283
Pushing New Limit to: 282

--- STEP 15 ---
Target Limit: 282
Time left before solve: 4329.20s
Result (is_sat): True
Conflicts in step: 127298
Propagations in step: 588280666
Found Real Makespan: 282
Pushing New Limit to: 281

--- STEP 16 ---
Target Limit: 281
Time left before solve: 4277.22s
Result (is_sat): True
Conflicts in step: 0
Propagations in step: 162203
Found Real Makespan: 281
Pushing New Limit to: 280

--- STEP 17 ---
Target Limit: 280
Time left before solve: 4276.90s
Result (is_sat): True
Conflicts in step: 72978
Propagations in step: 329681361
Found Real Makespan: 280
Pushing New Limit to: 279

--- STEP 18 ---
Target Limit: 279
Time left before solve: 4247.18s
Result (is_sat): True
Conflicts in step: 13428
Propagations in step: 65300540
Found Real Makespan: 279
Pushing New Limit to: 278

--- STEP 19 ---
Target Limit: 278
Time left before solve: 4241.08s
Result (is_sat): True
Conflicts in step: 332238
Propagations in step: 1546445486
Found Real Makespan: 278
Pushing New Limit to: 277

--- STEP 20 ---
Target Limit: 277
Time left before solve: 4102.18s
Result (is_sat): True
Conflicts in step: 299323
Propagations in step: 1388138557
Found Real Makespan: 277
Pushing New Limit to: 276

--- STEP 21 ---
Target Limit: 276
Time left before solve: 3973.95s
Result (is_sat): True
Conflicts in step: 6393
Propagations in step: 26006067
Found Real Makespan: 276
Pushing New Limit to: 275

--- STEP 22 ---
Target Limit: 275
Time left before solve: 3971.13s
Result (is_sat): True
Conflicts in step: 67584
Propagations in step: 294823637
Found Real Makespan: 275
Pushing New Limit to: 274

--- STEP 23 ---
Target Limit: 274
Time left before solve: 3942.86s
Result (is_sat): True
Conflicts in step: 8
Propagations in step: 191400
Found Real Makespan: 274
Pushing New Limit to: 273

--- STEP 24 ---
Target Limit: 273
Time left before solve: 3942.49s
Result (is_sat): True
Conflicts in step: 58147
Propagations in step: 239436976
Found Real Makespan: 273
Pushing New Limit to: 272

--- STEP 25 ---
Target Limit: 272
Time left before solve: 3919.88s
Result (is_sat): True
Conflicts in step: 16
Propagations in step: 228603
Found Real Makespan: 272
Pushing New Limit to: 271

--- STEP 26 ---
Target Limit: 271
Time left before solve: 3919.51s
Result (is_sat): True
Conflicts in step: 31287
Propagations in step: 128002752
Found Real Makespan: 271
Pushing New Limit to: 270

--- STEP 27 ---
Target Limit: 270
Time left before solve: 3906.73s
Result (is_sat): True
Conflicts in step: 299889
Propagations in step: 1228129155
Found Real Makespan: 270
Pushing New Limit to: 269

--- STEP 28 ---
Target Limit: 269
Time left before solve: 3788.18s
Result (is_sat): True
Conflicts in step: 243534
Propagations in step: 1004299292
Found Real Makespan: 269
Pushing New Limit to: 268

--- STEP 29 ---
Target Limit: 268
Time left before solve: 3688.99s
Result (is_sat): True
Conflicts in step: 344355
Propagations in step: 1428755654
Found Real Makespan: 268
Pushing New Limit to: 267

--- STEP 30 ---
Target Limit: 267
Time left before solve: 3546.49s
Result (is_sat): True
Conflicts in step: 68945
Propagations in step: 288172337
Found Real Makespan: 267
Pushing New Limit to: 266

--- STEP 31 ---
Target Limit: 266
Time left before solve: 3517.54s
Result (is_sat): True
Conflicts in step: 1
Propagations in step: 154616
Found Real Makespan: 266
Pushing New Limit to: 265

--- STEP 32 ---
Target Limit: 265
Time left before solve: 3517.22s
Result (is_sat): True
Conflicts in step: 65
Propagations in step: 261547
Found Real Makespan: 265
Pushing New Limit to: 264

--- STEP 33 ---
Target Limit: 264
Time left before solve: 3516.89s
Result (is_sat): True
Conflicts in step: 546008
Propagations in step: 2210846695
Found Real Makespan: 264
Pushing New Limit to: 263

--- STEP 34 ---
Target Limit: 263
Time left before solve: 3294.15s
Result (is_sat): True
Conflicts in step: 576290
Propagations in step: 2332913988
Found Real Makespan: 263
Pushing New Limit to: 262

--- STEP 35 ---
Target Limit: 262
Time left before solve: 3053.06s
Result (is_sat): True
Conflicts in step: 712392
Propagations in step: 2925770129
Found Real Makespan: 262
Pushing New Limit to: 261

--- STEP 36 ---
Target Limit: 261
Time left before solve: 2745.89s
Result (is_sat): True
Conflicts in step: 525755
Propagations in step: 2104465338
Found Real Makespan: 261
Pushing New Limit to: 260

--- STEP 37 ---
Target Limit: 260
Time left before solve: 2520.07s
Result (is_sat): True
Conflicts in step: 214028
Propagations in step: 782791845
Found Real Makespan: 260
Pushing New Limit to: 259

--- STEP 38 ---
Target Limit: 259
Time left before solve: 2434.14s
Result (is_sat): True
Conflicts in step: 77846
Propagations in step: 286092593
Found Real Makespan: 259
Pushing New Limit to: 258

--- STEP 39 ---
Target Limit: 258
Time left before solve: 2402.15s
Result (is_sat): True
Conflicts in step: 1232934
Propagations in step: 4532785312
Found Real Makespan: 258
Pushing New Limit to: 257

--- STEP 40 ---
Target Limit: 257
Time left before solve: 1896.41s
Result (is_sat): True
Conflicts in step: 509330
Propagations in step: 1874830572
Found Real Makespan: 257
Pushing New Limit to: 256

--- STEP 41 ---
Target Limit: 256
Time left before solve: 1683.17s
Result (is_sat): True
Conflicts in step: 245446
Propagations in step: 894954130
Found Real Makespan: 256
Pushing New Limit to: 255

--- STEP 42 ---
Target Limit: 255
Time left before solve: 1580.59s
Result (is_sat): True
Conflicts in step: 1827791
Propagations in step: 6646570563
Found Real Makespan: 255
Pushing New Limit to: 254

--- STEP 43 ---
Target Limit: 254
Time left before solve: 807.55s
Result (is_sat): True
Conflicts in step: 70057
Propagations in step: 248905774
Found Real Makespan: 254
Pushing New Limit to: 253

--- STEP 44 ---
Target Limit: 253
Time left before solve: 778.04s
Result (is_sat): True
Conflicts in step: 1731574
Propagations in step: 6149838859
Found Real Makespan: 253
Pushing New Limit to: 252

--- STEP 45 ---
Target Limit: 252
Time left before solve: 39.59s
Result (is_sat): None
Conflicts in step: 101034
Propagations in step: 327499736
INTERRUPTED BY TIMER OR TIMEOUT EXCEEDED.

FINAL STATUS: TIME_OUT
TOTAL ELAPSED TIME: 4791.20s
