START SOLVING | Test=mk01 | LB=36 | Timeout=4799.924780368805

--- STEP 1 ---
Target Limit: 42
Time left before solve: 4799.90s
Result (is_sat): True
Conflicts in step: 733
Propagations in step: 156000
Found Real Makespan: 42
Pushing New Limit to: 41

--- STEP 2 ---
Target Limit: 41
Time left before solve: 4799.88s
Result (is_sat): True
Conflicts in step: 3153
Propagations in step: 524959
Found Real Makespan: 41
Pushing New Limit to: 40

--- STEP 3 ---
Target Limit: 40
Time left before solve: 4799.82s
Result (is_sat): True
Conflicts in step: 337
Propagations in step: 85330
Found Real Makespan: 40
Pushing New Limit to: 39

--- STEP 4 ---
Target Limit: 39
Time left before solve: 4799.81s
Result (is_sat): False
Conflicts in step: 418
Propagations in step: 64837
UNSAT at current limit. Final status: OPTIMAL

FINAL STATUS: OPTIMAL
TOTAL ELAPSED TIME: 0.13s
