START SOLVING | Test=mk01_run3 | LB=36 | Timeout=4799.937292337418

--- STEP 1 ---
Target Limit: 42
Time left before solve: 4799.92s
Result (is_sat): True
Conflicts in step: 1871
Propagations in step: 395964
Found Real Makespan: 42
Pushing New Limit to: 41

--- STEP 2 ---
Target Limit: 41
Time left before solve: 4799.89s
Result (is_sat): True
Conflicts in step: 1032
Propagations in step: 165932
Found Real Makespan: 41
Pushing New Limit to: 40

--- STEP 3 ---
Target Limit: 40
Time left before solve: 4799.87s
Result (is_sat): True
Conflicts in step: 2384
Propagations in step: 425151
Found Real Makespan: 40
Pushing New Limit to: 39

--- STEP 4 ---
Target Limit: 39
Time left before solve: 4799.83s
Result (is_sat): False
Conflicts in step: 544
Propagations in step: 93060
UNSAT at current limit. Final status: OPTIMAL

FINAL STATUS: OPTIMAL
TOTAL ELAPSED TIME: 0.12s
