START SOLVING | Test=mk05 | LB=168 | Timeout=4798.494099855423

--- STEP 1 ---
Target Limit: 186
Time left before solve: 4798.13s
Result (is_sat): True
Conflicts in step: 4018188
Propagations in step: 3564298459
Found Real Makespan: 186
Pushing New Limit to: 185

--- STEP 2 ---
Target Limit: 185
Time left before solve: 4435.99s
Result (is_sat): True
Conflicts in step: 2176625
Propagations in step: 1794809036
Found Real Makespan: 185
Pushing New Limit to: 184

--- STEP 3 ---
Target Limit: 184
Time left before solve: 4215.56s
Result (is_sat): True
Conflicts in step: 4460218
Propagations in step: 3796807043
Found Real Makespan: 184
Pushing New Limit to: 183

--- STEP 4 ---
Target Limit: 183
Time left before solve: 3688.84s
Result (is_sat): True
Conflicts in step: 11003383
Propagations in step: 9466426686
Found Real Makespan: 183
Pushing New Limit to: 182

--- STEP 5 ---
Target Limit: 182
Time left before solve: 2147.74s
Result (is_sat): True
Conflicts in step: 1501048
Propagations in step: 1164223772
Found Real Makespan: 182
Pushing New Limit to: 181

--- STEP 6 ---
Target Limit: 181
Time left before solve: 1946.33s
Result (is_sat): None
Conflicts in step: 11185727
Propagations in step: 9956980213
INTERRUPTED BY TIMER OR TIMEOUT EXCEEDED.

FINAL STATUS: TIME_OUT
TOTAL ELAPSED TIME: 4798.57s
