START SOLVING | Test=mk04_run2 | LB=48 | Timeout=4799.671939134598

--- STEP 1 ---
Target Limit: 81
Time left before solve: 4799.59s
Result (is_sat): True
Conflicts in step: 562
Propagations in step: 300657
Found Real Makespan: 81
Pushing New Limit to: 80

--- STEP 2 ---
Target Limit: 80
Time left before solve: 4799.55s
Result (is_sat): True
Conflicts in step: 4549
Propagations in step: 1650681
Found Real Makespan: 80
Pushing New Limit to: 79

--- STEP 3 ---
Target Limit: 79
Time left before solve: 4799.43s
Result (is_sat): True
Conflicts in step: 137
Propagations in step: 73953
Found Real Makespan: 79
Pushing New Limit to: 78

--- STEP 4 ---
Target Limit: 78
Time left before solve: 4799.41s
Result (is_sat): True
Conflicts in step: 4995
Propagations in step: 1872382
Found Real Makespan: 78
Pushing New Limit to: 77

--- STEP 5 ---
Target Limit: 77
Time left before solve: 4799.26s
Result (is_sat): True
Conflicts in step: 879
Propagations in step: 452924
Found Real Makespan: 77
Pushing New Limit to: 76

--- STEP 6 ---
Target Limit: 76
Time left before solve: 4799.22s
Result (is_sat): True
Conflicts in step: 280
Propagations in step: 201265
Found Real Makespan: 76
Pushing New Limit to: 75

--- STEP 7 ---
Target Limit: 75
Time left before solve: 4799.19s
Result (is_sat): True
Conflicts in step: 683
Propagations in step: 316038
Found Real Makespan: 75
Pushing New Limit to: 74

--- STEP 8 ---
Target Limit: 74
Time left before solve: 4799.15s
Result (is_sat): True
Conflicts in step: 1729
Propagations in step: 753708
Found Real Makespan: 74
Pushing New Limit to: 73

--- STEP 9 ---
Target Limit: 73
Time left before solve: 4799.08s
Result (is_sat): True
Conflicts in step: 20
Propagations in step: 32535
Found Real Makespan: 73
Pushing New Limit to: 72

--- STEP 10 ---
Target Limit: 72
Time left before solve: 4799.06s
Result (is_sat): True
Conflicts in step: 5809
Propagations in step: 2258188
Found Real Makespan: 72
Pushing New Limit to: 71

--- STEP 11 ---
Target Limit: 71
Time left before solve: 4798.90s
Result (is_sat): True
Conflicts in step: 5943
Propagations in step: 2419727
Found Real Makespan: 71
Pushing New Limit to: 70

--- STEP 12 ---
Target Limit: 70
Time left before solve: 4798.68s
Result (is_sat): True
Conflicts in step: 4108
Propagations in step: 1961255
Found Real Makespan: 70
Pushing New Limit to: 69

--- STEP 13 ---
Target Limit: 69
Time left before solve: 4798.53s
Result (is_sat): True
Conflicts in step: 0
Propagations in step: 14931
Found Real Makespan: 69
Pushing New Limit to: 68

--- STEP 14 ---
Target Limit: 68
Time left before solve: 4798.51s
Result (is_sat): True
Conflicts in step: 4718
Propagations in step: 1994584
Found Real Makespan: 68
Pushing New Limit to: 67

--- STEP 15 ---
Target Limit: 67
Time left before solve: 4798.35s
Result (is_sat): True
Conflicts in step: 3717
Propagations in step: 1590125
Found Real Makespan: 67
Pushing New Limit to: 66

--- STEP 16 ---
Target Limit: 66
Time left before solve: 4798.20s
Result (is_sat): True
Conflicts in step: 4028
Propagations in step: 1575339
Found Real Makespan: 66
Pushing New Limit to: 65

--- STEP 17 ---
Target Limit: 65
Time left before solve: 4798.07s
Result (is_sat): True
Conflicts in step: 11411
Propagations in step: 4662323
Found Real Makespan: 65
Pushing New Limit to: 64

--- STEP 18 ---
Target Limit: 64
Time left before solve: 4797.65s
Result (is_sat): True
Conflicts in step: 15304
Propagations in step: 6305210
Found Real Makespan: 64
Pushing New Limit to: 63

--- STEP 19 ---
Target Limit: 63
Time left before solve: 4797.11s
Result (is_sat): True
Conflicts in step: 20228
Propagations in step: 8594206
Found Real Makespan: 63
Pushing New Limit to: 62

--- STEP 20 ---
Target Limit: 62
Time left before solve: 4796.35s
Result (is_sat): True
Conflicts in step: 2379
Propagations in step: 1114078
Found Real Makespan: 62
Pushing New Limit to: 61

--- STEP 21 ---
Target Limit: 61
Time left before solve: 4796.25s
Result (is_sat): True
Conflicts in step: 36867
Propagations in step: 14950045
Found Real Makespan: 61
Pushing New Limit to: 60

--- STEP 22 ---
Target Limit: 60
Time left before solve: 4794.86s
Result (is_sat): True
Conflicts in step: 13678
Propagations in step: 5526672
Found Real Makespan: 60
Pushing New Limit to: 59

--- STEP 23 ---
Target Limit: 59
Time left before solve: 4794.26s
Result (is_sat): False
Conflicts in step: 9308
Propagations in step: 3365346
UNSAT at current limit. Final status: OPTIMAL

FINAL STATUS: OPTIMAL
TOTAL ELAPSED TIME: 5.72s
