START SOLVING | Test=mt10cc | LB=655 | Timeout=4794.999723434448

--- STEP 1 ---
Target Limit: 910
Time left before solve: 4793.73s
Result (is_sat): True
Conflicts in step: 101084
Propagations in step: 351376234
Found Real Makespan: 910
Pushing New Limit to: 909

--- STEP 2 ---
Target Limit: 909
Time left before solve: 4766.07s
Result (is_sat): True
Conflicts in step: 9287
Propagations in step: 51607716
Found Real Makespan: 909
Pushing New Limit to: 908

--- STEP 3 ---
Target Limit: 908
Time left before solve: 4760.28s
Result (is_sat): True
Conflicts in step: 15
Propagations in step: 206935
Found Real Makespan: 908
Pushing New Limit to: 907

--- STEP 4 ---
Target Limit: 907
Time left before solve: 4760.05s
Result (is_sat): False
Conflicts in step: 6854
Propagations in step: 35091853
UNSAT at current limit. Final status: OPTIMAL

FINAL STATUS: OPTIMAL
TOTAL ELAPSED TIME: 38.58s
