START SOLVING | Test=mk04 | LB=48 | Timeout=4799.581741333008

--- STEP 1 ---
Target Limit: 81
Time left before solve: 4799.50s
Result (is_sat): True
Conflicts in step: 1163
Propagations in step: 461535
Found Real Makespan: 81
Pushing New Limit to: 80

--- STEP 2 ---
Target Limit: 80
Time left before solve: 4799.45s
Result (is_sat): True
Conflicts in step: 202
Propagations in step: 139006
Found Real Makespan: 80
Pushing New Limit to: 79

--- STEP 3 ---
Target Limit: 79
Time left before solve: 4799.43s
Result (is_sat): True
Conflicts in step: 558
Propagations in step: 198690
Found Real Makespan: 79
Pushing New Limit to: 78

--- STEP 4 ---
Target Limit: 78
Time left before solve: 4799.40s
Result (is_sat): True
Conflicts in step: 48
Propagations in step: 56208
Found Real Makespan: 78
Pushing New Limit to: 77

--- STEP 5 ---
Target Limit: 77
Time left before solve: 4799.38s
Result (is_sat): True
Conflicts in step: 0
Propagations in step: 15482
Found Real Makespan: 77
Pushing New Limit to: 76

--- STEP 6 ---
Target Limit: 76
Time left before solve: 4799.36s
Result (is_sat): True
Conflicts in step: 5
Propagations in step: 17233
Found Real Makespan: 76
Pushing New Limit to: 75

--- STEP 7 ---
Target Limit: 75
Time left before solve: 4799.34s
Result (is_sat): True
Conflicts in step: 1
Propagations in step: 15085
Found Real Makespan: 75
Pushing New Limit to: 74

--- STEP 8 ---
Target Limit: 74
Time left before solve: 4799.32s
Result (is_sat): True
Conflicts in step: 589
Propagations in step: 269255
Found Real Makespan: 74
Pushing New Limit to: 73

--- STEP 9 ---
Target Limit: 73
Time left before solve: 4799.29s
Result (is_sat): True
Conflicts in step: 2070
Propagations in step: 904626
Found Real Makespan: 73
Pushing New Limit to: 72

--- STEP 10 ---
Target Limit: 72
Time left before solve: 4799.21s
Result (is_sat): True
Conflicts in step: 2572
Propagations in step: 956853
Found Real Makespan: 72
Pushing New Limit to: 71

--- STEP 11 ---
Target Limit: 71
Time left before solve: 4799.13s
Result (is_sat): True
Conflicts in step: 498
Propagations in step: 228471
Found Real Makespan: 71
Pushing New Limit to: 70

--- STEP 12 ---
Target Limit: 70
Time left before solve: 4799.10s
Result (is_sat): True
Conflicts in step: 4037
Propagations in step: 1568475
Found Real Makespan: 70
Pushing New Limit to: 69

--- STEP 13 ---
Target Limit: 69
Time left before solve: 4798.98s
Result (is_sat): True
Conflicts in step: 1286
Propagations in step: 503189
Found Real Makespan: 69
Pushing New Limit to: 68

--- STEP 14 ---
Target Limit: 68
Time left before solve: 4798.93s
Result (is_sat): True
Conflicts in step: 1
Propagations in step: 13425
Found Real Makespan: 68
Pushing New Limit to: 67

--- STEP 15 ---
Target Limit: 67
Time left before solve: 4798.91s
Result (is_sat): True
Conflicts in step: 4231
Propagations in step: 1562809
Found Real Makespan: 67
Pushing New Limit to: 66

--- STEP 16 ---
Target Limit: 66
Time left before solve: 4798.76s
Result (is_sat): True
Conflicts in step: 4764
Propagations in step: 1679458
Found Real Makespan: 66
Pushing New Limit to: 65

--- STEP 17 ---
Target Limit: 65
Time left before solve: 4798.62s
Result (is_sat): True
Conflicts in step: 8709
Propagations in step: 3295704
Found Real Makespan: 65
Pushing New Limit to: 64

--- STEP 18 ---
Target Limit: 64
Time left before solve: 4798.36s
Result (is_sat): True
Conflicts in step: 12181
Propagations in step: 4445812
Found Real Makespan: 64
Pushing New Limit to: 63

--- STEP 19 ---
Target Limit: 63
Time left before solve: 4797.97s
Result (is_sat): True
Conflicts in step: 13776
Propagations in step: 5465893
Found Real Makespan: 63
Pushing New Limit to: 62

--- STEP 20 ---
Target Limit: 62
Time left before solve: 4797.50s
Result (is_sat): True
Conflicts in step: 8333
Propagations in step: 3300330
Found Real Makespan: 62
Pushing New Limit to: 61

--- STEP 21 ---
Target Limit: 61
Time left before solve: 4797.20s
Result (is_sat): True
Conflicts in step: 20673
Propagations in step: 8813560
Found Real Makespan: 61
Pushing New Limit to: 60

--- STEP 22 ---
Target Limit: 60
Time left before solve: 4796.38s
Result (is_sat): True
Conflicts in step: 30056
Propagations in step: 12337711
Found Real Makespan: 60
Pushing New Limit to: 59

--- STEP 23 ---
Target Limit: 59
Time left before solve: 4795.12s
Result (is_sat): False
Conflicts in step: 25989
Propagations in step: 10091199
UNSAT at current limit. Final status: OPTIMAL

FINAL STATUS: OPTIMAL
TOTAL ELAPSED TIME: 5.63s
