START SOLVING | Test=mk05_run3 | LB=168 | Timeout=4798.825178384781

--- STEP 1 ---
Target Limit: 186
Time left before solve: 4798.52s
Result (is_sat): True
Conflicts in step: 6941128
Propagations in step: 6476982516
Found Real Makespan: 186
Pushing New Limit to: 185

--- STEP 2 ---
Target Limit: 185
Time left before solve: 4112.25s
Result (is_sat): True
Conflicts in step: 3085247
Propagations in step: 2843051348
Found Real Makespan: 185
Pushing New Limit to: 184

--- STEP 3 ---
Target Limit: 184
Time left before solve: 3738.11s
Result (is_sat): True
Conflicts in step: 525493
Propagations in step: 485586414
Found Real Makespan: 184
Pushing New Limit to: 183

--- STEP 4 ---
Target Limit: 183
Time left before solve: 3669.73s
Result (is_sat): True
Conflicts in step: 7205071
Propagations in step: 5971575357
Found Real Makespan: 183
Pushing New Limit to: 182

--- STEP 5 ---
Target Limit: 182
Time left before solve: 2783.43s
Result (is_sat): None
Conflicts in step: 16785567
Propagations in step: 15304363557
INTERRUPTED BY TIMER OR TIMEOUT EXCEEDED.

FINAL STATUS: TIME_OUT
TOTAL ELAPSED TIME: 4798.89s
