START SOLVING | Test=mk07 | LB=133 | Timeout=4796.766189813614

--- STEP 1 ---
Target Limit: 157
Time left before solve: 4796.10s
Result (is_sat): True
Conflicts in step: 1242566
Propagations in step: 1176214336
Found Real Makespan: 157
Pushing New Limit to: 156

--- STEP 2 ---
Target Limit: 156
Time left before solve: 4669.69s
Result (is_sat): True
Conflicts in step: 2915540
Propagations in step: 2758009332
Found Real Makespan: 156
Pushing New Limit to: 155

--- STEP 3 ---
Target Limit: 155
Time left before solve: 4296.05s
Result (is_sat): True
Conflicts in step: 2753123
Propagations in step: 2589412925
Found Real Makespan: 155
Pushing New Limit to: 154

--- STEP 4 ---
Target Limit: 154
Time left before solve: 3900.07s
Result (is_sat): True
Conflicts in step: 518745
Propagations in step: 472308347
Found Real Makespan: 154
Pushing New Limit to: 153

--- STEP 5 ---
Target Limit: 153
Time left before solve: 3824.30s
Result (is_sat): True
Conflicts in step: 6766967
Propagations in step: 6240143734
Found Real Makespan: 153
Pushing New Limit to: 152

--- STEP 6 ---
Target Limit: 152
Time left before solve: 2716.18s
Result (is_sat): None
Conflicts in step: 14444775
Propagations in step: 13057642282
INTERRUPTED BY TIMER OR TIMEOUT EXCEEDED.

FINAL STATUS: TIME_OUT
TOTAL ELAPSED TIME: 4798.04s
